# JRE version: Java(TM) SE Runtime Environment (8.0_91-b15) (build 1.8.0_91-b15)
# Java VM: Java HotSpot(TM) 64-Bit Server VM (25.91-b15 mixed mode windows-amd64 compressed oops)
Heap:
 PSYoungGen      total 424448K, used 186212K [0x000000076b580000, 0x000000078d880000, 0x00000007c0000000)
  eden space 410112K, 45% used [0x000000076b580000,0x0000000776b59018,0x0000000784600000)
  from space 14336K, 0% used [0x000000078ca80000,0x000000078ca80000,0x000000078d880000)
  to   space 24576K, 0% used [0x000000078a880000,0x000000078a880000,0x000000078c080000)
 ParOldGen       total 180736K, used 42150K [0x00000006c2000000, 0x00000006cd080000, 0x000000076b580000)
  object space 180736K, 23% used [0x00000006c2000000,0x00000006c4929988,0x00000006cd080000)
 Metaspace       used 37614K, capacity 38346K, committed 38704K, reserved 1083392K
  class space    used 4613K, capacity 4789K, committed 4912K, reserved 1048576K
GC Heap History (10 events):
Event: 2.567 GC heap before
{Heap before GC invocations=4 (full 0):
 PSYoungGen      total 140800K, used 140792K [0x000000076b580000, 0x000000077c880000, 0x00000007c0000000)
  eden space 130048K, 100% used [0x000000076b580000,0x0000000773480000,0x0000000773480000)
  from space 10752K, 99% used [0x0000000773480000,0x0000000773efe030,0x0000000773f00000)
  to   space 10752K, 0% used [0x000000077be00000,0x000000077be00000,0x000000077c880000)
 ParOldGen       total 173568K, used 4088K [0x00000006c2000000, 0x00000006cc980000, 0x000000076b580000)
  object space 173568K, 2% used [0x00000006c2000000,0x00000006c23fe000,0x00000006cc980000)
 Metaspace       used 18936K, capacity 19444K, committed 19584K, reserved 1067008K
  class space    used 2252K, capacity 2379K, committed 2432K, reserved 1048576K
Event: 2.600 GC heap after
Heap after GC invocations=4 (full 0):
 PSYoungGen      total 270848K, used 10728K [0x000000076b580000, 0x000000077c880000, 0x00000007c0000000)
  eden space 260096K, 0% used [0x000000076b580000,0x000000076b580000,0x000000077b380000)
  from space 10752K, 99% used [0x000000077be00000,0x000000077c87a040,0x000000077c880000)
  to   space 10752K, 0% used [0x000000077b380000,0x000000077b380000,0x000000077be00000)
 ParOldGen       total 173568K, used 20991K [0x00000006c2000000, 0x00000006cc980000, 0x000000076b580000)
  object space 173568K, 12% used [0x00000006c2000000,0x00000006c347fde8,0x00000006cc980000)
 Metaspace       used 18936K, capacity 19444K, committed 19584K, reserved 1067008K
  class space    used 2252K, capacity 2379K, committed 2432K, reserved 1048576K
}
Event: 2.992 GC heap before
{Heap before GC invocations=5 (full 0):
 PSYoungGen      total 270848K, used 82697K [0x000000076b580000, 0x000000077c880000, 0x00000007c0000000)
  eden space 260096K, 27% used [0x000000076b580000,0x000000076fbc86e0,0x000000077b380000)
  from space 10752K, 99% used [0x000000077be00000,0x000000077c87a040,0x000000077c880000)
  to   space 10752K, 0% used [0x000000077b380000,0x000000077b380000,0x000000077be00000)
 ParOldGen       total 173568K, used 20991K [0x00000006c2000000, 0x00000006cc980000, 0x000000076b580000)
  object space 173568K, 12% used [0x00000006c2000000,0x00000006c347fde8,0x00000006cc980000)
 Metaspace       used 20610K, capacity 21144K, committed 21296K, reserved 1069056K
  class space    used 2448K, capacity 2587K, committed 2608K, reserved 1048576K
Event: 3.016 GC heap after
Heap after GC invocations=5 (full 0):
 PSYoungGen      total 270848K, used 10728K [0x000000076b580000, 0x000000078e380000, 0x00000007c0000000)
  eden space 260096K, 0% used [0x000000076b580000,0x000000076b580000,0x000000077b380000)
  from space 10752K, 99% used [0x000000077b380000,0x000000077bdfa040,0x000000077be00000)
  to   space 25600K, 0% used [0x000000078ca80000,0x000000078ca80000,0x000000078e380000)
 ParOldGen       total 173568K, used 25951K [0x00000006c2000000, 0x00000006cc980000, 0x000000076b580000)
  object space 173568K, 14% used [0x00000006c2000000,0x00000006c3957e40,0x00000006cc980000)
 Metaspace       used 20610K, capacity 21144K, committed 21296K, reserved 1069056K
  class space    used 2448K, capacity 2587K, committed 2608K, reserved 1048576K
}
Event: 3.016 GC heap before
{Heap before GC invocations=6 (full 1):
 PSYoungGen      total 270848K, used 10728K [0x000000076b580000, 0x000000078e380000, 0x00000007c0000000)
  eden space 260096K, 0% used [0x000000076b580000,0x000000076b580000,0x000000077b380000)
  from space 10752K, 99% used [0x000000077b380000,0x000000077bdfa040,0x000000077be00000)
  to   space 25600K, 0% used [0x000000078ca80000,0x000000078ca80000,0x000000078e380000)
 ParOldGen       total 173568K, used 25951K [0x00000006c2000000, 0x00000006cc980000, 0x000000076b580000)
  object space 173568K, 14% used [0x00000006c2000000,0x00000006c3957e40,0x00000006cc980000)
 Metaspace       used 20610K, capacity 21144K, committed 21296K, reserved 1069056K
  class space    used 2448K, capacity 2587K, committed 2608K, reserved 1048576K
Event: 3.117 GC heap after
Heap after GC invocations=6 (full 1):
 PSYoungGen      total 270848K, used 0K [0x000000076b580000, 0x000000078e380000, 0x00000007c0000000)
  eden space 260096K, 0% used [0x000000076b580000,0x000000076b580000,0x000000077b380000)
  from space 10752K, 0% used [0x000000077b380000,0x000000077b380000,0x000000077be00000)
  to   space 25600K, 0% used [0x000000078ca80000,0x000000078ca80000,0x000000078e380000)
 ParOldGen       total 134656K, used 31451K [0x00000006c2000000, 0x00000006ca380000, 0x000000076b580000)
  object space 134656K, 23% used [0x00000006c2000000,0x00000006c3eb6d08,0x00000006ca380000)
 Metaspace       used 20610K, capacity 21144K, committed 21296K, reserved 1069056K
  class space    used 2448K, capacity 2587K, committed 2608K, reserved 1048576K
}
Event: 5.962 GC heap before
{Heap before GC invocations=7 (full 1):
 PSYoungGen      total 270848K, used 172390K [0x000000076b580000, 0x000000078e380000, 0x00000007c0000000)
  eden space 260096K, 66% used [0x000000076b580000,0x0000000775dd9b60,0x000000077b380000)
  from space 10752K, 0% used [0x000000077b380000,0x000000077b380000,0x000000077be00000)
  to   space 25600K, 0% used [0x000000078ca80000,0x000000078ca80000,0x000000078e380000)
 ParOldGen       total 134656K, used 31451K [0x00000006c2000000, 0x00000006ca380000, 0x000000076b580000)
  object space 134656K, 23% used [0x00000006c2000000,0x00000006c3eb6d08,0x00000006ca380000)
 Metaspace       used 34619K, capacity 35308K, committed 35496K, reserved 1081344K
  class space    used 4221K, capacity 4384K, committed 4400K, reserved 1048576K
Event: 5.983 GC heap after
Heap after GC invocations=7 (full 1):
 PSYoungGen      total 424448K, used 13892K [0x000000076b580000, 0x000000078d880000, 0x00000007c0000000)
  eden space 410112K, 0% used [0x000000076b580000,0x000000076b580000,0x0000000784600000)
  from space 14336K, 96% used [0x000000078ca80000,0x000000078d811160,0x000000078d880000)
  to   space 24576K, 0% used [0x000000078a880000,0x000000078a880000,0x000000078c080000)
 ParOldGen       total 134656K, used 31523K [0x00000006c2000000, 0x00000006ca380000, 0x000000076b580000)
  object space 134656K, 23% used [0x00000006c2000000,0x00000006c3ec8d18,0x00000006ca380000)
 Metaspace       used 34619K, capacity 35308K, committed 35496K, reserved 1081344K
  class space    used 4221K, capacity 4384K, committed 4400K, reserved 1048576K
}
Event: 5.983 GC heap before
{Heap before GC invocations=8 (full 2):
 PSYoungGen      total 424448K, used 13892K [0x000000076b580000, 0x000000078d880000, 0x00000007c0000000)
  eden space 410112K, 0% used [0x000000076b580000,0x000000076b580000,0x0000000784600000)
  from space 14336K, 96% used [0x000000078ca80000,0x000000078d811160,0x000000078d880000)
  to   space 24576K, 0% used [0x000000078a880000,0x000000078a880000,0x000000078c080000)
 ParOldGen       total 134656K, used 31523K [0x00000006c2000000, 0x00000006ca380000, 0x000000076b580000)
  object space 134656K, 23% used [0x00000006c2000000,0x00000006c3ec8d18,0x00000006ca380000)
 Metaspace       used 34619K, capacity 35308K, committed 35496K, reserved 1081344K
  class space    used 4221K, capacity 4384K, committed 4400K, reserved 1048576K
Event: 6.056 GC heap after
Heap after GC invocations=8 (full 2):
 PSYoungGen      total 424448K, used 0K [0x000000076b580000, 0x000000078d880000, 0x00000007c0000000)
  eden space 410112K, 0% used [0x000000076b580000,0x000000076b580000,0x0000000784600000)
  from space 14336K, 0% used [0x000000078ca80000,0x000000078ca80000,0x000000078d880000)
  to   space 24576K, 0% used [0x000000078a880000,0x000000078a880000,0x000000078c080000)
 ParOldGen       total 180736K, used 42150K [0x00000006c2000000, 0x00000006cd080000, 0x000000076b580000)
  object space 180736K, 23% used [0x00000006c2000000,0x00000006c4929988,0x00000006cd080000)
 Metaspace       used 34619K, capacity 35308K, committed 35496K, reserved 1081344K
  class space    used 4221K, capacity 4384K, committed 4400K, reserved 1048576K
}

